<?xml version="1.0" encoding="UTF-8"?>
<testng-results ignored="0" total="1" passed="1" failed="0" skipped="0">
  <reporter-output>
  </reporter-output>
  <suite started-at="2022-01-04T19:20:11Z" name="Default suite" finished-at="2022-01-04T19:20:14Z" duration-ms="3070">
    <groups>
    </groups>
    <test started-at="2022-01-04T19:20:11Z" name="Default test" finished-at="2022-01-04T19:20:14Z" duration-ms="3070">
      <class name="weathershopper.BaseTest">
        <test-method is-config="true" signature="setUp()[pri:0, instance:weathershopper.BaseTest@282cb7c7]" started-at="2022-01-04T19:20:11Z" name="setUp" finished-at="2022-01-04T19:20:13Z" duration-ms="1393" status="PASS">
          <reporter-output>
          </reporter-output>
        </test-method> <!-- setUp -->
        <test-method signature="helloTest()[pri:1, instance:weathershopper.BaseTest@282cb7c7]" started-at="2022-01-04T19:20:13Z" name="helloTest" finished-at="2022-01-04T19:20:14Z" duration-ms="1649" status="PASS">
          <reporter-output>
          </reporter-output>
        </test-method> <!-- helloTest -->
      </class> <!-- weathershopper.BaseTest -->
    </test> <!-- Default test -->
  </suite> <!-- Default suite -->
</testng-results>
